<?xml version="1.0" encoding="UTF-8"?>
<testsuite xmlns:xsi="http://www.w3.org/2001/XMLSchema-instance" xsi:noNamespaceSchemaLocation="https://maven.apache.org/surefire/maven-surefire-plugin/xsd/surefire-test-report.xsd" version="3.0.2" name="dev.dayozoe.samples.caller.CallerControllerTests" time="45.318" tests="2" errors="0" skipped="0" failures="0">
  <properties>
[...]
</properties>
  <testcase name="pingFeign(Hoverfly)" classname="dev.dayozoe.samples.caller.CallerControllerTests" time="7.427">
    <system-out><![CDATA[09:28:29.368 [main] INFO org.springframework.test.context.support.AnnotationConfigContextLoaderUtils -- Could not detect default configuration classes for test class [dev.dayozoe.samples.caller.CallerControllerTests]: CallerControllerTests does not declare any static, non-private, non-final, nested classes annotated with @Configuration.
09:28:30.518 [main] INFO org.springframework.boot.test.context.SpringBootTestContextBootstrapper -- Found @SpringBootConfiguration dev.dayozoe.samples.caller.InterCallerServiceApplication for test class dev.dayozoe.samples.caller.CallerControllerTests
09:28:37.527 [main] INFO io.specto.hoverfly.junit.core.TempFileManager -- Selecting the following binary based on the current operating system: hoverfly_linux_amd64
09:28:37.547 [main] INFO io.specto.hoverfly.junit.core.TempFileManager -- Storing binary in temporary directory /tmp/hoverfly.4987923056419837787/hoverfly_linux_amd64
09:28:38.690 [main] INFO io.specto.hoverfly.junit.core.Hoverfly -- Executing binary at /tmp/hoverfly.4987923056419837787/hoverfly_linux_amd64
09:28:38.884 [Thread-3] INFO hoverfly -- Default proxy port has been overwritten port=55800
09:28:38.886 [Thread-3] INFO hoverfly -- Default admin port has been overwritten port=36307
09:28:38.887 [Thread-3] INFO hoverfly -- Using memory backend 
09:28:38.887 [Thread-3] INFO hoverfly -- Webserver prepared... Destination=. Mode=simulate WebserverPort=55800
09:28:38.890 [Thread-3] INFO hoverfly -- current proxy configuration destination=. mode=simulate port=55800
09:28:38.891 [Thread-3] INFO hoverfly -- serving proxy 
09:28:38.891 [Thread-3] INFO hoverfly -- Admin interface is starting... AdminPort=36307
09:28:39.368 [main] INFO io.specto.hoverfly.junit.core.Hoverfly -- A local Hoverfly with version v1.10.13 is ready
09:28:39.496 [Thread-3] INFO hoverfly -- Mode has been changed mode=simulate
09:28:39.539 [main] INFO io.specto.hoverfly.junit.core.Hoverfly -- Importing simulation data to Hoverfly

  .   ____          _            __ _ _
 /\\ / ___'_ __ _ _(_)_ __  __ _ \ \ \ \
( ( )\___ | '_ | '_| | '_ \/ _` | \ \ \ \
 \\/  ___)| |_)| | | | | || (_| |  ) ) ) )
  '  |____| .__|_| |_|_| |_\__, | / / / /
 =========|_|==============|___/=/_/_/_/

&amp#27;[32m :: Spring Boot :: &amp#27;[39m              &amp#27;[2m (v3.5.7)&amp#27;[0;39m

&amp#27;[34m09:28:44.167&amp#27;[0;39m &amp#27;[33m INFO [inter-caller-service,,]&amp#27;[0;39m &amp#27;[31m:&amp#27;[0;39m &amp#27;[2mStarting CallerControllerTests using Java 24.0.2 with PID 388497 (started by deeone in /home/deeone/Documents/course-spring-microservices-master/inter-communication/inter-caller-service)&amp#27;[0;39m
&amp#27;[34m09:28:44.171&amp#27;[0;39m &amp#27;[33m INFO [inter-caller-service,,]&amp#27;[0;39m &amp#27;[31m:&amp#27;[0;39m &amp#27;[2mNo active profile set, falling back to 1 default profile: "default"&amp#27;[0;39m
&amp#27;[34m09:28:44.373&amp#27;[0;39m &amp#27;[33m WARN [inter-caller-service,,]&amp#27;[0;39m &amp#27;[31m:&amp#27;[0;39m &amp#27;[2mAlthough the 'value' attribute in @org.springframework.cloud.loadbalancer.annotation.LoadBalancerClient declares @AliasFor for an attribute other than @Component's 'value' attribute, the value is still used as the @Component name based on convention. As of Spring Framework 7.0, such a 'value' attribute will no longer be used as the @Component name.&amp#27;[0;39m
&amp#27;[34m09:28:55.167&amp#27;[0;39m &amp#27;[33m INFO [inter-caller-service,,]&amp#27;[0;39m &amp#27;[31m:&amp#27;[0;39m &amp#27;[2mBeanFactory id=648b8a54-83d8-3dd7-b303-97e546d5aaaa&amp#27;[0;39m
&amp#27;[34m09:28:57.471&amp#27;[0;39m &amp#27;[33m INFO [inter-caller-service,,]&amp#27;[0;39m &amp#27;[31m:&amp#27;[0;39m &amp#27;[2mTomcat initialized with port 0 (http)&amp#27;[0;39m
&amp#27;[34m09:28:57.517&amp#27;[0;39m &amp#27;[33m INFO [inter-caller-service,,]&amp#27;[0;39m &amp#27;[31m:&amp#27;[0;39m &amp#27;[2mStarting service [Tomcat]&amp#27;[0;39m
&amp#27;[34m09:28:57.519&amp#27;[0;39m &amp#27;[33m INFO [inter-caller-service,,]&amp#27;[0;39m &amp#27;[31m:&amp#27;[0;39m &amp#27;[2mStarting Servlet engine: [Apache Tomcat/10.1.48]&amp#27;[0;39m
&amp#27;[34m09:28:57.693&amp#27;[0;39m &amp#27;[33m INFO [inter-caller-service,,]&amp#27;[0;39m &amp#27;[31m:&amp#27;[0;39m &amp#27;[2mInitializing Spring embedded WebApplicationContext&amp#27;[0;39m
&amp#27;[34m09:28:57.693&amp#27;[0;39m &amp#27;[33m INFO [inter-caller-service,,]&amp#27;[0;39m &amp#27;[31m:&amp#27;[0;39m &amp#27;[2mRoot WebApplicationContext: initialization completed in 13306 ms&amp#27;[0;39m
&amp#27;[34m09:29:01.224&amp#27;[0;39m &amp#27;[33m INFO [inter-caller-service,,]&amp#27;[0;39m &amp#27;[31m:&amp#27;[0;39m &amp#27;[2mFor 'inter-callme-service' URL not provided. Will try picking an instance via load-balancing.&amp#27;[0;39m
&amp#27;[34m09:29:01.351&amp#27;[0;39m &amp#27;[33m WARN [inter-caller-service,,]&amp#27;[0;39m &amp#27;[31m:&amp#27;[0;39m &amp#27;[2m[OpenFeign Warning] Feign method 'public abstract dev.dayozoe.samples.caller.model.Conversation dev.dayozoe.samples.caller.client.CallmeClient.findConversationByRequestId(int)' is declared as GET with parameters, but none of the parameters are annotated (e.g. @RequestParam, @RequestHeader, @PathVariable, etc). This may result in fallback to POST at runtime. Consider explicitly annotating parameters.&amp#27;[0;39m
&amp#27;[34m09:29:04.815&amp#27;[0;39m &amp#27;[33m WARN [inter-caller-service,,]&amp#27;[0;39m &amp#27;[31m:&amp#27;[0;39m &amp#27;[2mSpring Cloud LoadBalancer is currently working with the default cache. While this cache implementation is useful for development and tests, it's recommended to use Caffeine cache in production.You can switch to using Caffeine cache, by adding it and org.springframework.cache.caffeine.CaffeineCacheManager to the classpath.&amp#27;[0;39m
&amp#27;[34m09:29:04.855&amp#27;[0;39m &amp#27;[33m INFO [inter-caller-service,,]&amp#27;[0;39m &amp#27;[31m:&amp#27;[0;39m &amp#27;[2mExposing 26 endpoints beneath base path '/actuator'&amp#27;[0;39m
&amp#27;[34m09:29:05.092&amp#27;[0;39m &amp#27;[33m INFO [inter-caller-service,,]&amp#27;[0;39m &amp#27;[31m:&amp#27;[0;39m &amp#27;[2mTomcat started on port 36785 (http) with context path '/'&amp#27;[0;39m
&amp#27;[34m09:29:05.245&amp#27;[0;39m &amp#27;[33m INFO [inter-caller-service,,]&amp#27;[0;39m &amp#27;[31m:&amp#27;[0;39m &amp#27;[2mStarted CallerControllerTests in 24.6 seconds (process running for 41.619)&amp#27;[0;39m
&amp#27;[34m09:29:09.557&amp#27;[0;39m &amp#27;[33m INFO [inter-caller-service,,]&amp#27;[0;39m &amp#27;[31m:&amp#27;[0;39m &amp#27;[2mMode has been changed mode=simulate&amp#27;[0;39m
&amp#27;[34m09:29:09.569&amp#27;[0;39m &amp#27;[33m INFO [inter-caller-service,,]&amp#27;[0;39m &amp#27;[31m:&amp#27;[0;39m &amp#27;[2mImporting simulation data to Hoverfly&amp#27;[0;39m
&amp#27;[34m09:29:09.851&amp#27;[0;39m &amp#27;[33m INFO [inter-caller-service,,]&amp#27;[0;39m &amp#27;[31m:&amp#27;[0;39m &amp#27;[2mImporting simulation data to Hoverfly&amp#27;[0;39m
&amp#27;[34m09:29:10.215&amp#27;[0;39m &amp#27;[33m INFO [inter-caller-service,,]&amp#27;[0;39m &amp#27;[31m:&amp#27;[0;39m &amp#27;[2mpayloads imported failed=0 successful=1 total=1&amp#27;[0;39m
&amp#27;[34m09:29:11.867&amp#27;[0;39m &amp#27;[33m INFO [inter-caller-service,,]&amp#27;[0;39m &amp#27;[31m:&amp#27;[0;39m &amp#27;[2mInitializing Spring DispatcherServlet 'dispatcherServlet'&amp#27;[0;39m
&amp#27;[34m09:29:11.867&amp#27;[0;39m &amp#27;[33m INFO [inter-caller-service,,]&amp#27;[0;39m &amp#27;[31m:&amp#27;[0;39m &amp#27;[2mInitializing Servlet 'dispatcherServlet'&amp#27;[0;39m
&amp#27;[34m09:29:11.869&amp#27;[0;39m &amp#27;[33m INFO [inter-caller-service,,]&amp#27;[0;39m &amp#27;[31m:&amp#27;[0;39m &amp#27;[2mCompleted initialization in 2 ms&amp#27;[0;39m
&amp#27;[34m09:29:12.153&amp#27;[0;39m &amp#27;[33m INFO [inter-caller-service,714804bdb4a9295866b5a0dac6da2282,b817cf1c5c914c28]&amp#27;[0;39m &amp#27;[31m:&amp#27;[0;39m &amp#27;[2mIn: Hello&amp#27;[0;39m
]]></system-out>
    <system-err><![CDATA[Mockito is currently self-attaching to enable the inline-mock-maker. This will no longer work in future releases of the JDK. Please add Mockito as an agent to your build as described in Mockito's documentation: https://javadoc.io/doc/org.mockito/mockito-core/latest/org.mockito/org/mockito/Mockito.html#0.3
WARNING: A Java agent has been loaded dynamically (/home/deeone/.m2/repository/net/bytebuddy/byte-buddy-agent/1.17.8/byte-buddy-agent-1.17.8.jar)
WARNING: If a serviceability tool is in use, please run with -XX:+EnableDynamicAgentLoading to hide this warning
WARNING: If a serviceability tool is not in use, please run with -Djdk.instrument.traceUsage for more information
WARNING: Dynamic loading of agents will be disallowed by default in a future release
]]></system-err>
  </testcase>
  <testcase name="ping(Hoverfly)" classname="dev.dayozoe.samples.caller.CallerControllerTests" time="0.377">
    <system-out><![CDATA[&amp#27;[34m09:29:13.081&amp#27;[0;39m &amp#27;[33m INFO [inter-caller-service,,]&amp#27;[0;39m &amp#27;[31m:&amp#27;[0;39m &amp#27;[2mMode has been changed mode=simulate&amp#27;[0;39m
&amp#27;[34m09:29:13.080&amp#27;[0;39m &amp#27;[33m INFO [inter-caller-service,,]&amp#27;[0;39m &amp#27;[31m:&amp#27;[0;39m &amp#27;[2mImporting simulation data to Hoverfly&amp#27;[0;39m
&amp#27;[34m09:29:13.096&amp#27;[0;39m &amp#27;[33m INFO [inter-caller-service,,]&amp#27;[0;39m &amp#27;[31m:&amp#27;[0;39m &amp#27;[2mImporting simulation data to Hoverfly&amp#27;[0;39m
&amp#27;[34m09:29:13.107&amp#27;[0;39m &amp#27;[33m INFO [inter-caller-service,,]&amp#27;[0;39m &amp#27;[31m:&amp#27;[0;39m &amp#27;[2mpayloads imported failed=0 successful=1 total=1&amp#27;[0;39m
&amp#27;[34m09:29:13.204&amp#27;[0;39m &amp#27;[33m INFO [inter-caller-service,b1711e9260ae9b49c2b1d71ce784f40e,d4c116e48ec5c2bd]&amp#27;[0;39m &amp#27;[31m:&amp#27;[0;39m &amp#27;[2mIn: Hello&amp#27;[0;39m
]]></system-out>
  </testcase>
</testsuite>